<?xml version="1.0" encoding="UTF-8"?>
<!-- Generated by org.testng.reporters.JUnitReportReporter -->
<testsuite skipped="0" hostname="ESPLD126" name="com.qa.hs.test.LoginTest" tests="1" failures="0" timestamp="17 Sep 2019 07:11:05 GMT" time="11.445" errors="0">
  <testcase name="LoginTest" time="11.445" classname="com.qa.hs.test.LoginTest"/>
</testsuite> <!-- com.qa.hs.test.LoginTest -->
